01/06/2020 11:54:02 PM - HomePageSearchProduct - INFO: Element Found with locator: twotabsearchtextbox and  locatorType: id
01/06/2020 11:54:03 PM - HomePageSearchProduct - INFO: Sent data on element with locator: twotabsearchtextbox locatorType: id
01/06/2020 11:54:06 PM - HomePageSearchProduct - INFO: Element Found with locator: //input[@value='Go'] and  locatorType: xpath
01/06/2020 11:54:10 PM - HomePageSearchProduct - INFO: Clicked on element with locator: //input[@value='Go'] locatorType: xpath
01/06/2020 11:55:11 PM - HomePageSearchProduct - INFO: Element Found with locator: twotabsearchtextbox and  locatorType: id
01/06/2020 11:55:12 PM - HomePageSearchProduct - INFO: Sent data on element with locator: twotabsearchtextbox locatorType: id
01/06/2020 11:55:15 PM - HomePageSearchProduct - INFO: Element Found with locator: //input[@value='Go'] and  locatorType: xpath
01/06/2020 11:55:20 PM - HomePageSearchProduct - INFO: Clicked on element with locator: //input[@value='Go'] locatorType: xpath
01/08/2020 11:50:51 AM - HomePageSearchProduct - INFO: Element Found with locator: twotabsearchtextbox and  locatorType: id
01/08/2020 11:50:53 AM - HomePageSearchProduct - INFO: Sent data on element with locator: twotabsearchtextbox locatorType: id
01/08/2020 11:50:56 AM - HomePageSearchProduct - INFO: Element Found with locator: //input[@value='Go'] and  locatorType: xpath
01/08/2020 11:51:01 AM - HomePageSearchProduct - INFO: Clicked on element with locator: //input[@value='Go'] locatorType: xpath
01/08/2020 12:02:02 PM - HomePageSearchProduct - INFO: Element Found with locator: twotabsearchtextbox and  locatorType: id
01/08/2020 12:02:02 PM - HomePageSearchProduct - INFO: Sent data on element with locator: twotabsearchtextbox locatorType: id
01/08/2020 12:02:05 PM - HomePageSearchProduct - INFO: Element Found with locator: //input[@value='Go'] and  locatorType: xpath
01/08/2020 12:02:15 PM - HomePageSearchProduct - INFO: Clicked on element with locator: //input[@value='Go'] locatorType: xpath
01/08/2020 12:05:30 PM - HomePageSearchProduct - INFO: Element Found with locator: twotabsearchtextbox and  locatorType: id
01/08/2020 12:05:30 PM - HomePageSearchProduct - INFO: Sent data on element with locator: twotabsearchtextbox locatorType: id
01/08/2020 12:05:33 PM - HomePageSearchProduct - INFO: Element Found with locator: //input[@value='Go'] and  locatorType: xpath
01/08/2020 12:05:42 PM - HomePageSearchProduct - INFO: Clicked on element with locator: //input[@value='Go'] locatorType: xpath
01/08/2020 05:58:21 PM - HomePageSearchProduct - INFO: Element Found with locator: twotabsearchtextbox and  locatorType: id
01/08/2020 05:58:21 PM - HomePageSearchProduct - INFO: Sent data on element with locator: twotabsearchtextbox locatorType: id
01/08/2020 05:58:24 PM - HomePageSearchProduct - INFO: Element Found with locator: //input[@value='Go'] and  locatorType: xpath
01/08/2020 05:58:27 PM - HomePageSearchProduct - INFO: Clicked on element with locator: //input[@value='Go'] locatorType: xpath
01/08/2020 11:02:05 PM - HomePageSearchProduct - INFO: Element Found with locator: twotabsearchtextbox and  locatorType: id
01/08/2020 11:02:05 PM - HomePageSearchProduct - INFO: Sent data on element with locator: twotabsearchtextbox locatorType: id
01/08/2020 11:02:08 PM - HomePageSearchProduct - INFO: Element Found with locator: //input[@value='Go'] and  locatorType: xpath
01/08/2020 11:02:28 PM - HomePageSearchProduct - INFO: Clicked on element with locator: //input[@value='Go'] locatorType: xpath
01/08/2020 11:16:03 PM - HomePageSearchProduct - INFO: Element not found with locator: twotabsearchtextbox and  locatorType: id
01/08/2020 11:16:03 PM - HomePageSearchProduct - INFO: Cannot send data on the element with locator: twotabsearchtextbox locatorType: id
01/08/2020 11:16:15 PM - HomePageSearchProduct - INFO: Element Found with locator: //input[@value='Go'] and  locatorType: xpath
01/08/2020 11:16:15 PM - HomePageSearchProduct - INFO: Cannot click on the element with locator: //input[@value='Go'] locatorType: xpath
01/08/2020 11:16:43 PM - HomePageSearchProduct - INFO: Element not found with locator: twotabsearchtextbox and  locatorType: id
01/08/2020 11:16:43 PM - HomePageSearchProduct - INFO: Cannot send data on the element with locator: twotabsearchtextbox locatorType: id
01/08/2020 11:16:56 PM - HomePageSearchProduct - INFO: Element not found with locator: //input[@value='Go'] and  locatorType: xpath
01/08/2020 11:16:56 PM - HomePageSearchProduct - INFO: Cannot click on the element with locator: //input[@value='Go'] locatorType: xpath
01/08/2020 11:22:33 PM - HomePageSearchProduct - INFO: Element Found with locator: twotabsearchtextbox and  locatorType: id
01/08/2020 11:22:33 PM - HomePageSearchProduct - INFO: Sent data on element with locator: twotabsearchtextbox locatorType: id
01/08/2020 11:22:36 PM - HomePageSearchProduct - INFO: Element Found with locator: //input[@value='Go'] and  locatorType: xpath
01/08/2020 11:22:46 PM - HomePageSearchProduct - INFO: Clicked on element with locator: //input[@value='Go'] locatorType: xpath
01/08/2020 11:25:23 PM - HomePageSearchProduct - INFO: Element Found with locator: twotabsearchtextbox and  locatorType: id
01/08/2020 11:25:23 PM - HomePageSearchProduct - INFO: Sent data on element with locator: twotabsearchtextbox locatorType: id
01/08/2020 11:25:26 PM - HomePageSearchProduct - INFO: Element Found with locator: //input[@value='Go'] and  locatorType: xpath
01/08/2020 11:25:33 PM - HomePageSearchProduct - INFO: Clicked on element with locator: //input[@value='Go'] locatorType: xpath
01/08/2020 11:37:50 PM - HomePageSearchProduct - INFO: Element Found with locator: twotabsearchtextbox and  locatorType: id
01/08/2020 11:37:50 PM - HomePageSearchProduct - INFO: Sent data on element with locator: twotabsearchtextbox locatorType: id
01/08/2020 11:37:53 PM - HomePageSearchProduct - INFO: Element Found with locator: //input[@value='Go'] and  locatorType: xpath
01/08/2020 11:38:02 PM - HomePageSearchProduct - INFO: Clicked on element with locator: //input[@value='Go'] locatorType: xpath
01/09/2020 10:57:54 AM - HomePageSearchProduct - INFO: Element Found with locator: twotabsearchtextbox and  locatorType: id
01/09/2020 10:57:54 AM - HomePageSearchProduct - INFO: Sent data on element with locator: twotabsearchtextbox locatorType: id
01/09/2020 10:57:57 AM - HomePageSearchProduct - INFO: Element Found with locator: //input[@value='Go'] and  locatorType: xpath
01/09/2020 10:58:02 AM - HomePageSearchProduct - INFO: Clicked on element with locator: //input[@value='Go'] locatorType: xpath
01/09/2020 06:56:40 PM - HomePageSearchProduct - INFO: Element Found with locator: twotabsearchtextbox and  locatorType: id
01/09/2020 06:56:40 PM - HomePageSearchProduct - INFO: Cannot send data on the element with locator: twotabsearchtextbox locatorType: id
01/09/2020 06:56:43 PM - HomePageSearchProduct - INFO: Element not found with locator: //input[@value='Go'] and  locatorType: xpath
01/09/2020 06:56:43 PM - HomePageSearchProduct - INFO: Cannot click on the element with locator: //input[@value='Go'] locatorType: xpath
01/09/2020 06:57:53 PM - HomePageSearchProduct - INFO: Element Found with locator: twotabsearchtextbox and  locatorType: id
01/09/2020 06:57:53 PM - HomePageSearchProduct - INFO: Sent data on element with locator: twotabsearchtextbox locatorType: id
01/09/2020 06:57:56 PM - HomePageSearchProduct - INFO: Element Found with locator: //input[@value='Go'] and  locatorType: xpath
01/09/2020 06:58:00 PM - HomePageSearchProduct - INFO: Clicked on element with locator: //input[@value='Go'] locatorType: xpath
01/09/2020 07:02:48 PM - HomePageSearchProduct - INFO: Element Found with locator: twotabsearchtextbox and  locatorType: id
01/09/2020 07:02:48 PM - HomePageSearchProduct - INFO: Sent data on element with locator: twotabsearchtextbox locatorType: id
01/09/2020 07:02:51 PM - HomePageSearchProduct - INFO: Element Found with locator: //input[@value='Go'] and  locatorType: xpath
01/09/2020 07:02:56 PM - HomePageSearchProduct - INFO: Clicked on element with locator: //input[@value='Go'] locatorType: xpath
01/09/2020 07:02:56 PM - HomePageSearchProduct - INFO: Element Found with locator: (//span[text()='Apple iPhone XR (64GB) - Black'])[2] and  locatorType: xpath
01/09/2020 07:02:56 PM - HomePageSearchProduct - INFO: Clicked on element with locator: (//span[text()='Apple iPhone XR (64GB) - Black'])[2] locatorType: xpath
01/09/2020 07:05:56 PM - HomePageSearchProduct - INFO: Element Found with locator: twotabsearchtextbox and  locatorType: id
01/09/2020 07:05:56 PM - HomePageSearchProduct - INFO: Sent data on element with locator: twotabsearchtextbox locatorType: id
01/09/2020 07:05:59 PM - HomePageSearchProduct - INFO: Element Found with locator: //input[@value='Go'] and  locatorType: xpath
01/09/2020 07:06:02 PM - HomePageSearchProduct - INFO: Clicked on element with locator: //input[@value='Go'] locatorType: xpath
01/09/2020 07:06:02 PM - HomePageSearchProduct - INFO: Element Found with locator: (//span[text()='Apple iPhone XR (64GB) - Black'])[2] and  locatorType: xpath
01/09/2020 07:06:02 PM - HomePageSearchProduct - INFO: Clicked on element with locator: (//span[text()='Apple iPhone XR (64GB) - Black'])[2] locatorType: xpath
01/09/2020 07:08:17 PM - HomePageSearchProduct - INFO: Element Found with locator: twotabsearchtextbox and  locatorType: id
01/09/2020 07:08:17 PM - HomePageSearchProduct - INFO: Sent data on element with locator: twotabsearchtextbox locatorType: id
01/09/2020 07:08:20 PM - HomePageSearchProduct - INFO: Element Found with locator: //input[@value='Go'] and  locatorType: xpath
01/09/2020 07:08:25 PM - HomePageSearchProduct - INFO: Clicked on element with locator: //input[@value='Go'] locatorType: xpath
01/09/2020 07:08:25 PM - HomePageSearchProduct - INFO: Element Found with locator: (//span[text()='Apple iPhone XR (64GB) - Black'])[2] and  locatorType: xpath
01/09/2020 07:08:25 PM - HomePageSearchProduct - INFO: Clicked on element with locator: (//span[text()='Apple iPhone XR (64GB) - Black'])[2] locatorType: xpath
01/09/2020 11:01:44 PM - HomePageSearchProduct - INFO: Element Found with locator: twotabsearchtextbox and  locatorType: id
01/09/2020 11:01:44 PM - HomePageSearchProduct - INFO: Sent data on element with locator: twotabsearchtextbox locatorType: id
01/09/2020 11:01:47 PM - HomePageSearchProduct - INFO: Element Found with locator: //input[@value='Go'] and  locatorType: xpath
01/09/2020 11:01:56 PM - HomePageSearchProduct - INFO: Clicked on element with locator: //input[@value='Go'] locatorType: xpath
01/09/2020 11:01:56 PM - HomePageSearchProduct - INFO: Element Found with locator: (//span[text()='Apple iPhone XR (64GB) - Black'])[2] and  locatorType: xpath
01/09/2020 11:01:57 PM - HomePageSearchProduct - INFO: Clicked on element with locator: (//span[text()='Apple iPhone XR (64GB) - Black'])[2] locatorType: xpath
01/09/2020 11:04:28 PM - HomePageSearchProduct - INFO: Element Found with locator: twotabsearchtextbox and  locatorType: id
01/09/2020 11:04:28 PM - HomePageSearchProduct - INFO: Sent data on element with locator: twotabsearchtextbox locatorType: id
01/09/2020 11:04:31 PM - HomePageSearchProduct - INFO: Element Found with locator: //input[@value='Go'] and  locatorType: xpath
01/09/2020 11:04:54 PM - HomePageSearchProduct - INFO: Clicked on element with locator: //input[@value='Go'] locatorType: xpath
01/09/2020 11:04:54 PM - HomePageSearchProduct - INFO: Element Found with locator: (//span[text()='Apple iPhone XR (64GB) - Black'])[2] and  locatorType: xpath
01/09/2020 11:04:55 PM - HomePageSearchProduct - INFO: Clicked on element with locator: (//span[text()='Apple iPhone XR (64GB) - Black'])[2] locatorType: xpath
01/09/2020 11:19:08 PM - HomePageSearchProduct - INFO: Element Found with locator: twotabsearchtextbox and  locatorType: id
01/09/2020 11:19:08 PM - HomePageSearchProduct - INFO: Sent data on element with locator: twotabsearchtextbox locatorType: id
01/09/2020 11:19:12 PM - HomePageSearchProduct - INFO: Element Found with locator: //input[@value='Go'] and  locatorType: xpath
01/09/2020 11:19:29 PM - HomePageSearchProduct - INFO: Clicked on element with locator: //input[@value='Go'] locatorType: xpath
01/09/2020 11:19:30 PM - HomePageSearchProduct - INFO: Element Found with locator: (//span[text()='Apple iPhone XR (64GB) - Black'])[2] and  locatorType: xpath
01/09/2020 11:19:30 PM - HomePageSearchProduct - INFO: Clicked on element with locator: (//span[text()='Apple iPhone XR (64GB) - Black'])[2] locatorType: xpath
01/09/2020 11:29:58 PM - HomePageSearchProduct - INFO: Element Found with locator: twotabsearchtextbox and  locatorType: id
01/09/2020 11:29:58 PM - HomePageSearchProduct - INFO: Sent data on element with locator: twotabsearchtextbox locatorType: id
01/09/2020 11:30:01 PM - HomePageSearchProduct - INFO: Element Found with locator: //input[@value='Go'] and  locatorType: xpath
01/09/2020 11:30:11 PM - HomePageSearchProduct - INFO: Clicked on element with locator: //input[@value='Go'] locatorType: xpath
01/09/2020 11:30:11 PM - HomePageSearchProduct - INFO: Element Found with locator: (//span[text()='Apple iPhone XR (64GB) - Black'])[2] and  locatorType: xpath
01/09/2020 11:30:11 PM - HomePageSearchProduct - INFO: Clicked on element with locator: (//span[text()='Apple iPhone XR (64GB) - Black'])[2] locatorType: xpath
01/09/2020 11:33:48 PM - HomePageSearchProduct - INFO: Element Found with locator: twotabsearchtextbox and  locatorType: id
01/09/2020 11:33:48 PM - HomePageSearchProduct - INFO: Sent data on element with locator: twotabsearchtextbox locatorType: id
01/09/2020 11:33:51 PM - HomePageSearchProduct - INFO: Element Found with locator: //input[@value='Go'] and  locatorType: xpath
01/09/2020 11:33:56 PM - HomePageSearchProduct - INFO: Clicked on element with locator: //input[@value='Go'] locatorType: xpath
01/09/2020 11:33:56 PM - HomePageSearchProduct - INFO: Element Found with locator: (//span[text()='Apple iPhone XR (64GB) - Black'])[2] and  locatorType: xpath
01/09/2020 11:33:57 PM - HomePageSearchProduct - INFO: Clicked on element with locator: (//span[text()='Apple iPhone XR (64GB) - Black'])[2] locatorType: xpath
01/09/2020 11:35:13 PM - HomePageSearchProduct - INFO: Element Found with locator: twotabsearchtextbox and  locatorType: id
01/09/2020 11:35:13 PM - HomePageSearchProduct - INFO: Sent data on element with locator: twotabsearchtextbox locatorType: id
01/09/2020 11:35:16 PM - HomePageSearchProduct - INFO: Element Found with locator: //input[@value='Go'] and  locatorType: xpath
01/09/2020 11:35:22 PM - HomePageSearchProduct - INFO: Clicked on element with locator: //input[@value='Go'] locatorType: xpath
01/09/2020 11:35:23 PM - HomePageSearchProduct - INFO: Element Found with locator: (//span[text()='Apple iPhone XR (64GB) - Black'])[2] and  locatorType: xpath
01/09/2020 11:35:23 PM - HomePageSearchProduct - INFO: Clicked on element with locator: (//span[text()='Apple iPhone XR (64GB) - Black'])[2] locatorType: xpath
01/09/2020 11:41:01 PM - HomePageSearchProduct - INFO: Element Found with locator: twotabsearchtextbox and  locatorType: id
01/09/2020 11:41:02 PM - HomePageSearchProduct - INFO: Sent data on element with locator: twotabsearchtextbox locatorType: id
01/09/2020 11:41:05 PM - HomePageSearchProduct - INFO: Element Found with locator: //input[@value='Go'] and  locatorType: xpath
01/09/2020 11:41:10 PM - HomePageSearchProduct - INFO: Clicked on element with locator: //input[@value='Go'] locatorType: xpath
01/09/2020 11:41:10 PM - HomePageSearchProduct - INFO: Element Found with locator: (//span[text()='Apple iPhone XR (64GB) - Black'])[2] and  locatorType: xpath
01/09/2020 11:41:11 PM - HomePageSearchProduct - INFO: Clicked on element with locator: (//span[text()='Apple iPhone XR (64GB) - Black'])[2] locatorType: xpath
01/09/2020 11:49:56 PM - HomePageSearchProduct - INFO: Element Found with locator: twotabsearchtextbox and  locatorType: id
01/09/2020 11:49:57 PM - HomePageSearchProduct - INFO: Sent data on element with locator: twotabsearchtextbox locatorType: id
01/09/2020 11:50:00 PM - HomePageSearchProduct - INFO: Element Found with locator: //input[@value='Go'] and  locatorType: xpath
01/09/2020 11:51:53 PM - HomePageSearchProduct - INFO: Clicked on element with locator: //input[@value='Go'] locatorType: xpath
01/09/2020 11:51:53 PM - HomePageSearchProduct - INFO: Element Found with locator: (//span[text()='Apple iPhone XR (64GB) - Black'])[2] and  locatorType: xpath
01/09/2020 11:51:54 PM - HomePageSearchProduct - INFO: Clicked on element with locator: (//span[text()='Apple iPhone XR (64GB) - Black'])[2] locatorType: xpath
01/09/2020 11:57:58 PM - HomePageSearchProduct - INFO: Element Found with locator: twotabsearchtextbox and  locatorType: id
01/09/2020 11:57:59 PM - HomePageSearchProduct - INFO: Sent data on element with locator: twotabsearchtextbox locatorType: id
01/09/2020 11:57:59 PM - HomePageSearchProduct - INFO: Element Found with locator: //span[@id='nav-search-submit-text']/../input and  locatorType: xpath
01/09/2020 11:58:39 PM - HomePageSearchProduct - INFO: Clicked on element with locator: //span[@id='nav-search-submit-text']/../input locatorType: xpath
01/09/2020 11:58:42 PM - HomePageSearchProduct - INFO: Element Found with locator: //input[@value='Go'] and  locatorType: xpath
01/09/2020 11:58:51 PM - HomePageSearchProduct - INFO: Clicked on element with locator: //input[@value='Go'] locatorType: xpath
01/09/2020 11:58:51 PM - HomePageSearchProduct - INFO: Element Found with locator: (//span[text()='Apple iPhone XR (64GB) - Black'])[2] and  locatorType: xpath
01/09/2020 11:58:52 PM - HomePageSearchProduct - INFO: Clicked on element with locator: (//span[text()='Apple iPhone XR (64GB) - Black'])[2] locatorType: xpath
01/10/2020 08:03:56 AM - HomePageSearchProduct - INFO: Element not found with locator: twotabsearchtextbox and  locatorType: id
01/10/2020 08:03:56 AM - HomePageSearchProduct - INFO: Cannot send data on the element with locator: twotabsearchtextbox locatorType: id
01/10/2020 08:04:06 AM - HomePageSearchProduct - INFO: Element not found with locator: //span[@id='nav-search-submit-text']/../input and  locatorType: xpath
01/10/2020 08:04:06 AM - HomePageSearchProduct - INFO: Cannot click on the element with locator: //span[@id='nav-search-submit-text']/../input locatorType: xpath
01/10/2020 08:04:13 AM - HomePageSearchProduct - INFO: Element Found with locator: //input[@value='Go'] and  locatorType: xpath
01/10/2020 08:04:13 AM - HomePageSearchProduct - INFO: Cannot click on the element with locator: //input[@value='Go'] locatorType: xpath
01/10/2020 08:05:08 AM - HomePageSearchProduct - INFO: Element Found with locator: twotabsearchtextbox and  locatorType: id
01/10/2020 08:05:08 AM - HomePageSearchProduct - INFO: Sent data on element with locator: twotabsearchtextbox locatorType: id
01/10/2020 08:05:08 AM - HomePageSearchProduct - INFO: Element Found with locator: //span[@id='nav-search-submit-text']/../input and  locatorType: xpath
01/10/2020 08:05:17 AM - HomePageSearchProduct - INFO: Clicked on element with locator: //span[@id='nav-search-submit-text']/../input locatorType: xpath
01/10/2020 08:05:20 AM - HomePageSearchProduct - INFO: Element Found with locator: //input[@value='Go'] and  locatorType: xpath
01/10/2020 08:05:23 AM - HomePageSearchProduct - INFO: Clicked on element with locator: //input[@value='Go'] locatorType: xpath
01/10/2020 08:05:23 AM - HomePageSearchProduct - INFO: Element Found with locator: (//span[text()='Apple iPhone XR (64GB) - Black'])[2] and  locatorType: xpath
01/10/2020 08:05:24 AM - HomePageSearchProduct - INFO: Clicked on element with locator: (//span[text()='Apple iPhone XR (64GB) - Black'])[2] locatorType: xpath
01/10/2020 08:12:42 AM - HomePageSearchProduct - INFO: Element Found with locator: twotabsearchtextbox and  locatorType: id
01/10/2020 08:12:42 AM - HomePageSearchProduct - INFO: Sent data on element with locator: twotabsearchtextbox locatorType: id
01/10/2020 08:12:42 AM - HomePageSearchProduct - INFO: Element Found with locator: //span[@id='nav-search-submit-text']/../input and  locatorType: xpath
01/10/2020 08:12:48 AM - HomePageSearchProduct - INFO: Clicked on element with locator: //span[@id='nav-search-submit-text']/../input locatorType: xpath
01/10/2020 08:12:51 AM - HomePageSearchProduct - INFO: Element Found with locator: //input[@value='Go'] and  locatorType: xpath
01/10/2020 08:12:54 AM - HomePageSearchProduct - INFO: Clicked on element with locator: //input[@value='Go'] locatorType: xpath
01/10/2020 08:12:54 AM - HomePageSearchProduct - INFO: Element Found with locator: (//span[text()='Apple iPhone XR (64GB) - Black'])[2] and  locatorType: xpath
01/10/2020 08:12:55 AM - HomePageSearchProduct - INFO: Clicked on element with locator: (//span[text()='Apple iPhone XR (64GB) - Black'])[2] locatorType: xpath
01/10/2020 08:16:04 AM - HomePageSearchProduct - INFO: Element Found with locator: twotabsearchtextbox and  locatorType: id
01/10/2020 08:16:04 AM - HomePageSearchProduct - INFO: Sent data on element with locator: twotabsearchtextbox locatorType: id
01/10/2020 08:16:04 AM - HomePageSearchProduct - INFO: Element Found with locator: //span[@id='nav-search-submit-text']/../input and  locatorType: xpath
01/10/2020 08:16:11 AM - HomePageSearchProduct - INFO: Clicked on element with locator: //span[@id='nav-search-submit-text']/../input locatorType: xpath
01/10/2020 08:16:14 AM - HomePageSearchProduct - INFO: Element Found with locator: //input[@value='Go'] and  locatorType: xpath
01/10/2020 08:16:18 AM - HomePageSearchProduct - INFO: Clicked on element with locator: //input[@value='Go'] locatorType: xpath
01/10/2020 08:16:28 AM - HomePageSearchProduct - INFO: Element not found with locator: (//span[text()='Apple iPhone XR (64GB) - Black'])[2] and  locatorType: xpath
01/10/2020 08:16:28 AM - HomePageSearchProduct - INFO: Cannot click on the element with locator: (//span[text()='Apple iPhone XR (64GB) - Black'])[2] locatorType: xpath
01/10/2020 08:16:41 AM - AddToCart - INFO: Element not found with locator: add-to-cart-button and  locatorType: id
01/10/2020 08:18:25 AM - HomePageSearchProduct - INFO: Element Found with locator: twotabsearchtextbox and  locatorType: id
01/10/2020 08:18:26 AM - HomePageSearchProduct - INFO: Sent data on element with locator: twotabsearchtextbox locatorType: id
01/10/2020 08:18:26 AM - HomePageSearchProduct - INFO: Element Found with locator: //span[@id='nav-search-submit-text']/../input and  locatorType: xpath
01/10/2020 08:18:34 AM - HomePageSearchProduct - INFO: Clicked on element with locator: //span[@id='nav-search-submit-text']/../input locatorType: xpath
01/10/2020 08:18:37 AM - HomePageSearchProduct - INFO: Element Found with locator: //input[@value='Go'] and  locatorType: xpath
01/10/2020 08:18:42 AM - HomePageSearchProduct - INFO: Clicked on element with locator: //input[@value='Go'] locatorType: xpath
01/10/2020 08:18:42 AM - HomePageSearchProduct - INFO: Element Found with locator: (//span[text()='Apple iPhone XR (64GB) - Black'])[2] and  locatorType: xpath
01/10/2020 08:18:42 AM - HomePageSearchProduct - INFO: Clicked on element with locator: (//span[text()='Apple iPhone XR (64GB) - Black'])[2] locatorType: xpath
01/10/2020 08:18:55 AM - AddToCart - INFO: Element not found with locator: add-to-cart-button and  locatorType: id
01/10/2020 08:24:05 AM - HomePageSearchProduct - INFO: Element Found with locator: twotabsearchtextbox and  locatorType: id
01/10/2020 08:24:05 AM - HomePageSearchProduct - INFO: Sent data on element with locator: twotabsearchtextbox locatorType: id
01/10/2020 08:24:05 AM - HomePageSearchProduct - INFO: Element Found with locator: //span[@id='nav-search-submit-text']/../input and  locatorType: xpath
01/10/2020 08:24:10 AM - HomePageSearchProduct - INFO: Clicked on element with locator: //span[@id='nav-search-submit-text']/../input locatorType: xpath
01/10/2020 08:24:13 AM - HomePageSearchProduct - INFO: Element Found with locator: //input[@value='Go'] and  locatorType: xpath
01/10/2020 08:24:16 AM - HomePageSearchProduct - INFO: Clicked on element with locator: //input[@value='Go'] locatorType: xpath
01/10/2020 08:24:16 AM - HomePageSearchProduct - INFO: Element Found with locator: (//span[text()='Apple iPhone XR (64GB) - Black'])[2] and  locatorType: xpath
01/10/2020 08:24:17 AM - HomePageSearchProduct - INFO: Clicked on element with locator: (//span[text()='Apple iPhone XR (64GB) - Black'])[2] locatorType: xpath
01/10/2020 08:24:30 AM - AddToCart - INFO: Element not found with locator: add-to-cart-button and  locatorType: id
01/10/2020 08:24:30 AM - AddToCart - INFO: Cannot click on the element with locator: add-to-cart-button locatorType: id
01/10/2020 08:25:29 AM - HomePageSearchProduct - INFO: Element Found with locator: twotabsearchtextbox and  locatorType: id
01/10/2020 08:25:29 AM - HomePageSearchProduct - INFO: Sent data on element with locator: twotabsearchtextbox locatorType: id
01/10/2020 08:25:29 AM - HomePageSearchProduct - INFO: Element Found with locator: //span[@id='nav-search-submit-text']/../input and  locatorType: xpath
01/10/2020 08:25:35 AM - HomePageSearchProduct - INFO: Clicked on element with locator: //span[@id='nav-search-submit-text']/../input locatorType: xpath
01/10/2020 08:25:38 AM - HomePageSearchProduct - INFO: Element Found with locator: //input[@value='Go'] and  locatorType: xpath
01/10/2020 08:25:40 AM - HomePageSearchProduct - INFO: Clicked on element with locator: //input[@value='Go'] locatorType: xpath
01/10/2020 08:25:40 AM - HomePageSearchProduct - INFO: Element Found with locator: (//span[text()='Apple iPhone XR (64GB) - Black'])[2] and  locatorType: xpath
01/10/2020 08:25:41 AM - HomePageSearchProduct - INFO: Clicked on element with locator: (//span[text()='Apple iPhone XR (64GB) - Black'])[2] locatorType: xpath
01/10/2020 08:25:54 AM - AddToCart - INFO: Element not found with locator: add-to-cart-button and  locatorType: id
01/10/2020 08:25:54 AM - AddToCart - INFO: Cannot click on the element with locator: add-to-cart-button locatorType: id
01/10/2020 08:27:57 AM - HomePageSearchProduct - INFO: Element Found with locator: twotabsearchtextbox and  locatorType: id
01/10/2020 08:27:58 AM - HomePageSearchProduct - INFO: Sent data on element with locator: twotabsearchtextbox locatorType: id
01/10/2020 08:27:58 AM - HomePageSearchProduct - INFO: Element Found with locator: //span[@id='nav-search-submit-text']/../input and  locatorType: xpath
01/10/2020 08:28:12 AM - HomePageSearchProduct - INFO: Clicked on element with locator: //span[@id='nav-search-submit-text']/../input locatorType: xpath
01/10/2020 08:28:15 AM - HomePageSearchProduct - INFO: Element Found with locator: //input[@value='Go'] and  locatorType: xpath
01/10/2020 08:28:21 AM - HomePageSearchProduct - INFO: Clicked on element with locator: //input[@value='Go'] locatorType: xpath
01/10/2020 08:28:21 AM - HomePageSearchProduct - INFO: Element Found with locator: (//span[text()='Apple iPhone XR (64GB) - Black'])[2] and  locatorType: xpath
01/10/2020 08:28:21 AM - HomePageSearchProduct - INFO: Clicked on element with locator: (//span[text()='Apple iPhone XR (64GB) - Black'])[2] locatorType: xpath
01/10/2020 08:28:34 AM - AddToCart - INFO: Element not found with locator: add-to-cart-button and  locatorType: id
01/10/2020 08:28:34 AM - AddToCart - INFO: Cannot click on the element with locator: add-to-cart-button locatorType: id
01/10/2020 08:30:56 AM - HomePageSearchProduct - INFO: Element Found with locator: twotabsearchtextbox and  locatorType: id
01/10/2020 08:30:56 AM - HomePageSearchProduct - INFO: Sent data on element with locator: twotabsearchtextbox locatorType: id
01/10/2020 08:30:56 AM - HomePageSearchProduct - INFO: Element Found with locator: //span[@id='nav-search-submit-text']/../input and  locatorType: xpath
01/10/2020 08:31:14 AM - HomePageSearchProduct - INFO: Clicked on element with locator: //span[@id='nav-search-submit-text']/../input locatorType: xpath
01/10/2020 08:31:17 AM - HomePageSearchProduct - INFO: Element Found with locator: //input[@value='Go'] and  locatorType: xpath
01/10/2020 08:31:23 AM - HomePageSearchProduct - INFO: Clicked on element with locator: //input[@value='Go'] locatorType: xpath
01/10/2020 08:31:23 AM - HomePageSearchProduct - INFO: Element Found with locator: (//span[text()='Apple iPhone XR (64GB) - Black'])[2] and  locatorType: xpath
01/10/2020 08:31:24 AM - HomePageSearchProduct - INFO: Clicked on element with locator: (//span[text()='Apple iPhone XR (64GB) - Black'])[2] locatorType: xpath
01/10/2020 08:32:28 AM - AddToCart - INFO: Element Found with locator: add-to-cart-button and  locatorType: id
01/10/2020 08:32:29 AM - AddToCart - INFO: Clicked on element with locator: add-to-cart-button locatorType: id
01/10/2020 08:36:32 AM - HomePageSearchProduct - INFO: Element Found with locator: twotabsearchtextbox and  locatorType: id
01/10/2020 08:36:33 AM - HomePageSearchProduct - INFO: Sent data on element with locator: twotabsearchtextbox locatorType: id
01/10/2020 08:36:33 AM - HomePageSearchProduct - INFO: Element Found with locator: //span[@id='nav-search-submit-text']/../input and  locatorType: xpath
01/10/2020 08:36:47 AM - HomePageSearchProduct - INFO: Clicked on element with locator: //span[@id='nav-search-submit-text']/../input locatorType: xpath
01/10/2020 08:36:50 AM - HomePageSearchProduct - INFO: Element Found with locator: //input[@value='Go'] and  locatorType: xpath
01/10/2020 08:36:55 AM - HomePageSearchProduct - INFO: Clicked on element with locator: //input[@value='Go'] locatorType: xpath
01/10/2020 08:36:56 AM - HomePageSearchProduct - INFO: Element Found with locator: (//span[text()='Apple iPhone XR (64GB) - Black'])[2] and  locatorType: xpath
01/10/2020 08:36:56 AM - HomePageSearchProduct - INFO: Clicked on element with locator: (//span[text()='Apple iPhone XR (64GB) - Black'])[2] locatorType: xpath
01/10/2020 08:38:34 AM - AddToCart - INFO: Element Found with locator: add-to-cart-button and  locatorType: id
01/10/2020 08:40:09 AM - HomePageSearchProduct - INFO: Element Found with locator: twotabsearchtextbox and  locatorType: id
01/10/2020 08:40:09 AM - HomePageSearchProduct - INFO: Sent data on element with locator: twotabsearchtextbox locatorType: id
01/10/2020 08:40:09 AM - HomePageSearchProduct - INFO: Element Found with locator: //span[@id='nav-search-submit-text']/../input and  locatorType: xpath
01/10/2020 08:40:19 AM - HomePageSearchProduct - INFO: Clicked on element with locator: //span[@id='nav-search-submit-text']/../input locatorType: xpath
01/10/2020 08:40:22 AM - HomePageSearchProduct - INFO: Element Found with locator: //input[@value='Go'] and  locatorType: xpath
01/10/2020 08:40:25 AM - HomePageSearchProduct - INFO: Clicked on element with locator: //input[@value='Go'] locatorType: xpath
01/10/2020 08:40:25 AM - HomePageSearchProduct - INFO: Element Found with locator: (//span[text()='Apple iPhone XR (64GB) - Black'])[2] and  locatorType: xpath
01/10/2020 08:40:26 AM - HomePageSearchProduct - INFO: Clicked on element with locator: (//span[text()='Apple iPhone XR (64GB) - Black'])[2] locatorType: xpath
01/10/2020 08:41:38 AM - AddToCart - INFO: Element Found with locator: add-to-cart-button and  locatorType: id
01/10/2020 08:41:40 AM - AddToCart - INFO: Clicked on element with locator: add-to-cart-button locatorType: id
01/10/2020 10:27:38 AM - HomePageSearchProduct - INFO: Element Found with locator: twotabsearchtextbox and  locatorType: id
01/10/2020 10:27:38 AM - HomePageSearchProduct - INFO: Sent data on element with locator: twotabsearchtextbox locatorType: id
01/10/2020 10:27:38 AM - HomePageSearchProduct - INFO: Element Found with locator: //span[@id='nav-search-submit-text']/../input and  locatorType: xpath
01/10/2020 10:27:43 AM - HomePageSearchProduct - INFO: Clicked on element with locator: //span[@id='nav-search-submit-text']/../input locatorType: xpath
01/10/2020 10:27:46 AM - HomePageSearchProduct - INFO: Element Found with locator: //input[@value='Go'] and  locatorType: xpath
01/10/2020 10:27:49 AM - HomePageSearchProduct - INFO: Clicked on element with locator: //input[@value='Go'] locatorType: xpath
01/10/2020 10:27:50 AM - HomePageSearchProduct - INFO: Element Found with locator: (//span[text()='Apple iPhone XR (64GB) - Black'])[2] and  locatorType: xpath
01/10/2020 10:27:51 AM - HomePageSearchProduct - INFO: Clicked on element with locator: (//span[text()='Apple iPhone XR (64GB) - Black'])[2] locatorType: xpath
01/10/2020 10:27:59 AM - AddToCart - INFO: Element Found with locator: add-to-cart-button and  locatorType: id
01/10/2020 10:28:01 AM - AddToCart - INFO: Clicked on element with locator: add-to-cart-button locatorType: id
01/10/2020 01:39:37 PM - HomePageSearchProduct - INFO: Element Found with locator: twotabsearchtextbox and  locatorType: id
01/10/2020 01:39:38 PM - HomePageSearchProduct - INFO: Sent data on element with locator: twotabsearchtextbox locatorType: id
01/10/2020 01:40:19 PM - HomePageSearchProduct - INFO: Element Found with locator: twotabsearchtextbox and  locatorType: id
01/10/2020 01:40:20 PM - HomePageSearchProduct - INFO: Sent data on element with locator: twotabsearchtextbox locatorType: id
01/10/2020 01:40:20 PM - HomePageSearchProduct - INFO: Element Found with locator: //input[@value='Go'] and  locatorType: xpath
01/10/2020 01:40:24 PM - HomePageSearchProduct - INFO: Clicked on element with locator: //input[@value='Go'] locatorType: xpath
01/10/2020 01:40:27 PM - HomePageSearchProduct - INFO: Element Found with locator: (//span[text()='Apple iPhone XR (64GB) - Black'])[2] and  locatorType: xpath
01/10/2020 01:40:28 PM - HomePageSearchProduct - INFO: Clicked on element with locator: (//span[text()='Apple iPhone XR (64GB) - Black'])[2] locatorType: xpath
01/10/2020 01:40:32 PM - AddToCart - INFO: Element Found with locator: add-to-cart-button and  locatorType: id
01/10/2020 01:40:36 PM - AddToCart - INFO: Clicked on element with locator: add-to-cart-button locatorType: id
01/10/2020 04:51:08 PM - HomePageSearchProduct - INFO: Element Found with locator: twotabsearchtextbox and  locatorType: id
01/10/2020 04:51:08 PM - HomePageSearchProduct - INFO: Sent data on element with locator: twotabsearchtextbox locatorType: id
01/10/2020 04:51:08 PM - HomePageSearchProduct - INFO: Element Found with locator: //input[@value='Go'] and  locatorType: xpath
01/10/2020 04:51:15 PM - HomePageSearchProduct - INFO: Clicked on element with locator: //input[@value='Go'] locatorType: xpath
01/10/2020 04:51:18 PM - HomePageSearchProduct - INFO: Element Found with locator: (//span[text()='Apple iPhone XR (64GB) - Black'])[2] and  locatorType: xpath
01/10/2020 04:51:18 PM - HomePageSearchProduct - INFO: Clicked on element with locator: (//span[text()='Apple iPhone XR (64GB) - Black'])[2] locatorType: xpath
01/10/2020 04:51:23 PM - AddToCart - INFO: Element Found with locator: add-to-cart-button and  locatorType: id
01/10/2020 04:51:26 PM - AddToCart - INFO: Clicked on element with locator: add-to-cart-button locatorType: id
01/10/2020 04:53:31 PM - HomePageSearchProduct - INFO: Element Found with locator: twotabsearchtextbox and  locatorType: id
01/10/2020 04:53:32 PM - HomePageSearchProduct - INFO: Sent data on element with locator: twotabsearchtextbox locatorType: id
01/10/2020 04:53:32 PM - HomePageSearchProduct - INFO: Element Found with locator: //input[@value='Go'] and  locatorType: xpath
01/10/2020 04:53:35 PM - HomePageSearchProduct - INFO: Clicked on element with locator: //input[@value='Go'] locatorType: xpath
01/10/2020 04:53:38 PM - HomePageSearchProduct - INFO: Element Found with locator: (//span[text()='Apple iPhone XR (64GB) - Black'])[2] and  locatorType: xpath
01/10/2020 04:53:38 PM - HomePageSearchProduct - INFO: Clicked on element with locator: (//span[text()='Apple iPhone XR (64GB) - Black'])[2] locatorType: xpath
01/10/2020 04:53:45 PM - AddToCart - INFO: Element Found with locator: add-to-cart-button and  locatorType: id
01/10/2020 04:53:47 PM - AddToCart - INFO: Clicked on element with locator: add-to-cart-button locatorType: id
